============================= test session starts =============================
platform win32 -- Python 3.11.9, pytest-9.0.2, pluggy-1.6.0 -- D:\Projects\image-scoring\.venv\Scripts\python.exe
cachedir: .pytest_cache
rootdir: D:\Projects\image-scoring
configfile: pytest.ini
plugins: anyio-4.12.1
collecting ... collected 36 items / 10 skipped

tests/test_captioning.py::TestCaptioning::test_mock_generation PASSED    [  2%]
tests/test_captioning.py::TestCaptioning::test_model_loading PASSED      [  5%]
tests/test_cuda_manual.py::test_cuda_libraries PASSED                    [  8%]
tests/test_cuda_manual.py::test_tensorflow_gpu_force PASSED              [ 11%]
tests/test_culling.py::TestCullingWorkflow::test_create_session PASSED   [ 13%]
tests/test_culling.py::TestCullingWorkflow::test_import_images PASSED    [ 16%]
tests/test_culling.py::TestCullingWorkflow::test_auto_pick PASSED        [ 19%]
tests/test_culling.py::TestCullingWorkflow::test_export_xmp PASSED       [ 22%]
tests/test_culling.py::TestCullingWorkflow::test_full_workflow PASSED    [ 25%]
tests/test_dcraw_thumb.py::test_extract PASSED                           [ 27%]
tests/test_ddl.py::test_ddl_simple PASSED                                [ 30%]
tests/test_exifread.py::test_exif_reading PASSED                         [ 33%]
tests/test_export.py::test_export_db_to_json PASSED                      [ 36%]
tests/test_fb_simple.py::test_firebird_connection PASSED                 [ 38%]
tests/test_firebird_basic.py::test_create_db_basic PASSED                [ 41%]
tests/test_gpu.py::test_gpu_functional FAILED                            [ 44%]
tests/test_gpu.py::test_musiq_gpu_functional FAILED                      [ 47%]
tests/test_init_db.py::test_manual_init PASSED                           [ 50%]
tests/test_keyword_extractor.py::test_keyword_extractor FAILED           [ 52%]
tests/test_keyword_extractor.py::test_dependencies PASSED                [ 55%]
tests/test_keyword_extractor.py::test_keyword_extractor_main PASSED      [ 58%]
tests/test_keyword_extractor.py::test_keyword_extractor_pytest SKIPPED   [ 61%]
tests/test_liqe_simple.py::test_liqe_script PASSED                       [ 63%]
tests/test_pil_exif.py::test_pil_exif_smoke SKIPPED (Set IMAGE_SCORI...) [ 66%]
tests/test_resolved_paths.py::test_convert_to_windows_path PASSED        [ 69%]
tests/test_resolved_paths.py::test_resolve_windows_path PASSED           [ 72%]
tests/test_resolved_paths.py::test_get_resolved_path_verified PASSED     [ 75%]
tests/test_resolved_paths.py::test_upsert_creates_resolved_path PASSED   [ 77%]
tests/test_stacks.py::test_create_stack_from_images_minimum FAILED       [ 80%]
tests/test_stacks.py::test_create_stack_sets_best_image FAILED           [ 83%]
tests/test_stacks.py::test_remove_cleans_up_empty_stack FAILED           [ 86%]
tests/test_stacks.py::test_remove_recalculates_best_image FAILED         [ 88%]
tests/test_stacks.py::test_path_lookup_fallback FAILED                   [ 91%]
tests/test_tagging.py::test_loading PASSED                               [ 94%]
tests/test_thumb_gen.py::test_thumbnail_generation PASSED                [ 97%]
tests/test_verify_gallery.py::test_gallery_thumbnail PASSED              [100%]

================================== FAILURES ===================================
_____________________________ test_gpu_functional _____________________________

    def test_gpu_functional():
        """Test GPU functionality with assertions."""
        import pytest
        try:
            import tensorflow as tf
        except ImportError:
            pytest.skip("TensorFlow not installed")
    
>       success = test_gpu()
                  ^^^^^^^^
E       NameError: name 'test_gpu' is not defined

tests\test_gpu.py:22: NameError
__________________________ test_musiq_gpu_functional __________________________

    def test_musiq_gpu_functional():
        """Test MUSIQ GPU implementation with assertions."""
        import pytest
        try:
            import tensorflow as tf
            import torch # run_musiq_gpu might use torch or just TF
        except ImportError:
            pytest.skip("Machine learning dependencies not installed")
    
>       success = test_musiq_gpu()
                  ^^^^^^^^^^^^^^
E       NameError: name 'test_musiq_gpu' is not defined

tests\test_gpu.py:34: NameError
___________________________ test_keyword_extractor ____________________________

    #!/usr/bin/env python3
    """
    AI-powered keyword extraction tool for NEF files and other image formats.
    Uses BLIP for image captioning and CLIP for keyword scoring.
    """
    
    import argparse
    import json
    import os
    import sys
    import glob
    import torch
    from datetime import datetime
    from pathlib import Path
    from typing import List, Dict, Tuple, Optional
    from PIL import Image
    import numpy as np
    
    # Add project root to Python path
    project_root = Path(__file__).resolve().parent.parent.parent
    if str(project_root) not in sys.path:
        sys.path.insert(0, str(project_root))
    
    try:
        from transformers import BlipProcessor, BlipForConditionalGeneration, CLIPProcessor, CLIPModel
>       from keybert import KeyBERT
E       ModuleNotFoundError: No module named 'keybert'

scripts\python\keyword_extractor.py:26: ModuleNotFoundError

During handling of the above exception, another exception occurred:

    def test_keyword_extractor():
        """Test the keyword extraction tool with a sample image."""
    
        # Check if we can import the required modules
        try:
>           from scripts.python.keyword_extractor import KeywordExtractor

tests\test_keyword_extractor.py:24: 
_ _ _ _ _ _ _ _ _ _ _ _ _ _ _ _ _ _ _ _ _ _ _ _ _ _ _ _ _ _ _ _ _ _ _ _ _ _ _ _

    #!/usr/bin/env python3
    """
    AI-powered keyword extraction tool for NEF files and other image formats.
    Uses BLIP for image captioning and CLIP for keyword scoring.
    """
    
    import argparse
    import json
    import os
    import sys
    import glob
    import torch
    from datetime import datetime
    from pathlib import Path
    from typing import List, Dict, Tuple, Optional
    from PIL import Image
    import numpy as np
    
    # Add project root to Python path
    project_root = Path(__file__).resolve().parent.parent.parent
    if str(project_root) not in sys.path:
        sys.path.insert(0, str(project_root))
    
    try:
        from transformers import BlipProcessor, BlipForConditionalGeneration, CLIPProcessor, CLIPModel
        from keybert import KeyBERT
        import spacy
    except ImportError as e:
        print(f"Missing required dependencies: {e}")
        print("Please install with: pip install transformers keybert spacy torch torchvision")
        print("Then download spaCy model: python -m spacy download en_core_web_sm")
>       sys.exit(1)
E       SystemExit: 1

scripts\python\keyword_extractor.py:32: SystemExit
---------------------------- Captured stdout call -----------------------------
Missing required dependencies: No module named 'keybert'
Please install with: pip install transformers keybert spacy torch torchvision
Then download spaCy model: python -m spacy download en_core_web_sm
____________________ test_create_stack_from_images_minimum ____________________

    def test_create_stack_from_images_minimum():
        """Test that creating a stack with < 2 images fails."""
        test = TestStackOperations()
>       test.setup_class()

tests\test_stacks.py:147: 
_ _ _ _ _ _ _ _ _ _ _ _ _ _ _ _ _ _ _ _ _ _ _ _ _ _ _ _ _ _ _ _ _ _ _ _ _ _ _ _
tests\test_stacks.py:65: in setup_class
    cls._create_test_images()
tests\test_stacks.py:100: in _create_test_images
    folder_id = c.lastrowid
                ^^^^^^^^^^^
_ _ _ _ _ _ _ _ _ _ _ _ _ _ _ _ _ _ _ _ _ _ _ _ _ _ _ _ _ _ _ _ _ _ _ _ _ _ _ _

self = <modules.db.get_db.<locals>.FirebirdCursorProxy object at 0x0000013415E370D0>
name = 'lastrowid'

    def __getattr__(self, name):
>       return getattr(self._cur, name)
               ^^^^^^^^^^^^^^^^^^^^^^^^
E       AttributeError: 'Cursor' object has no attribute 'lastrowid'

modules\db.py:292: AttributeError
---------------------------- Captured stdout call -----------------------------
        1 file(s) copied.

DEBUG: SKIP_DB_INIT set, skipping DDL.
DEBUG: connect function: <function connect at 0x00000133EEB08F40>
DEBUG: get_db dsn=D:\Projects\image-scoring\TEST_stacks_1770010352.fdb conn=Connection[256] type=<class 'firebird.driver.core.Connection'>
DEBUG: get_db dsn=D:\Projects\image-scoring\TEST_stacks_1770010352.fdb conn=Connection[256]
______________________ test_create_stack_sets_best_image ______________________

    def test_create_stack_sets_best_image():
        """Test that best_image_id is set to the image with highest score_general."""
        test = TestStackOperations()
>       test.setup_class()

tests\test_stacks.py:171: 
_ _ _ _ _ _ _ _ _ _ _ _ _ _ _ _ _ _ _ _ _ _ _ _ _ _ _ _ _ _ _ _ _ _ _ _ _ _ _ _
tests\test_stacks.py:56: in setup_class
    subprocess.run(cmd, shell=True, check=True)
_ _ _ _ _ _ _ _ _ _ _ _ _ _ _ _ _ _ _ _ _ _ _ _ _ _ _ _ _ _ _ _ _ _ _ _ _ _ _ _

input = None, capture_output = False, timeout = None, check = True
popenargs = ('copy "D:\\Projects\\image-scoring\\template.fdb" "D:\\Projects\\image-scoring\\TEST_stacks_1770010352.fdb"',)
kwargs = {'shell': True}
process = <Popen: returncode: 1 args: 'copy "D:\\Projects\\image-scoring\\template.fdb...>
stdout = None, stderr = None, retcode = 1

    def run(*popenargs,
            input=None, capture_output=False, timeout=None, check=False, **kwargs):
        """Run command with arguments and return a CompletedProcess instance.
    
        The returned instance will have attributes args, returncode, stdout and
        stderr. By default, stdout and stderr are not captured, and those attributes
        will be None. Pass stdout=PIPE and/or stderr=PIPE in order to capture them,
        or pass capture_output=True to capture both.
    
        If check is True and the exit code was non-zero, it raises a
        CalledProcessError. The CalledProcessError object will have the return code
        in the returncode attribute, and output & stderr attributes if those streams
        were captured.
    
        If timeout is given, and the process takes too long, a TimeoutExpired
        exception will be raised.
    
        There is an optional argument "input", allowing you to
        pass bytes or a string to the subprocess's stdin.  If you use this argument
        you may not also use the Popen constructor's "stdin" argument, as
        it will be used internally.
    
        By default, all communication is in bytes, and therefore any "input" should
        be bytes, and the stdout and stderr will be bytes. If in text mode, any
        "input" should be a string, and stdout and stderr will be strings decoded
        according to locale encoding, or by "encoding" if set. Text mode is
        triggered by setting any of text, encoding, errors or universal_newlines.
    
        The other arguments are the same as for the Popen constructor.
        """
        if input is not None:
            if kwargs.get('stdin') is not None:
                raise ValueError('stdin and input arguments may not both be used.')
            kwargs['stdin'] = PIPE
    
        if capture_output:
            if kwargs.get('stdout') is not None or kwargs.get('stderr') is not None:
                raise ValueError('stdout and stderr arguments may not be used '
                                 'with capture_output.')
            kwargs['stdout'] = PIPE
            kwargs['stderr'] = PIPE
    
        with Popen(*popenargs, **kwargs) as process:
            try:
                stdout, stderr = process.communicate(input, timeout=timeout)
            except TimeoutExpired as exc:
                process.kill()
                if _mswindows:
                    # Windows accumulates the output in a single blocking
                    # read() call run on child threads, with the timeout
                    # being done in a join() on those threads.  communicate()
                    # _after_ kill() is required to collect that and add it
                    # to the exception.
                    exc.stdout, exc.stderr = process.communicate()
                else:
                    # POSIX _communicate already populated the output so
                    # far into the TimeoutExpired exception.
                    process.wait()
                raise
            except:  # Including KeyboardInterrupt, communicate handled that.
                process.kill()
                # We don't call process.wait() as .__exit__ does that for us.
                raise
            retcode = process.poll()
            if check and retcode:
>               raise CalledProcessError(retcode, process.args,
                                         output=stdout, stderr=stderr)
E               subprocess.CalledProcessError: Command 'copy "D:\Projects\image-scoring\template.fdb" "D:\Projects\image-scoring\TEST_stacks_1770010352.fdb"' returned non-zero exit status 1.

C:\Program Files\WindowsApps\PythonSoftwareFoundation.Python.3.11_3.11.2544.0_x64__qbz5n2kfra8p0\Lib\subprocess.py:571: CalledProcessError
---------------------------- Captured stdout call -----------------------------
        0 file(s) copied.

Warning: Failed to copy DB in stacks test: Command 'copy "D:\Projects\image-scoring\template.fdb" "D:\Projects\image-scoring\TEST_stacks_1770010352.fdb"' returned non-zero exit status 1.
---------------------------- Captured stderr call -----------------------------
The process cannot access the file because it is being used by another process.

______________________ test_remove_cleans_up_empty_stack ______________________

    def test_remove_cleans_up_empty_stack():
        """Test that removing all images from a stack deletes the stack."""
        test = TestStackOperations()
>       test.setup_class()

tests\test_stacks.py:213: 
_ _ _ _ _ _ _ _ _ _ _ _ _ _ _ _ _ _ _ _ _ _ _ _ _ _ _ _ _ _ _ _ _ _ _ _ _ _ _ _
tests\test_stacks.py:56: in setup_class
    subprocess.run(cmd, shell=True, check=True)
_ _ _ _ _ _ _ _ _ _ _ _ _ _ _ _ _ _ _ _ _ _ _ _ _ _ _ _ _ _ _ _ _ _ _ _ _ _ _ _

input = None, capture_output = False, timeout = None, check = True
popenargs = ('copy "D:\\Projects\\image-scoring\\template.fdb" "D:\\Projects\\image-scoring\\TEST_stacks_1770010352.fdb"',)
kwargs = {'shell': True}
process = <Popen: returncode: 1 args: 'copy "D:\\Projects\\image-scoring\\template.fdb...>
stdout = None, stderr = None, retcode = 1

    def run(*popenargs,
            input=None, capture_output=False, timeout=None, check=False, **kwargs):
        """Run command with arguments and return a CompletedProcess instance.
    
        The returned instance will have attributes args, returncode, stdout and
        stderr. By default, stdout and stderr are not captured, and those attributes
        will be None. Pass stdout=PIPE and/or stderr=PIPE in order to capture them,
        or pass capture_output=True to capture both.
    
        If check is True and the exit code was non-zero, it raises a
        CalledProcessError. The CalledProcessError object will have the return code
        in the returncode attribute, and output & stderr attributes if those streams
        were captured.
    
        If timeout is given, and the process takes too long, a TimeoutExpired
        exception will be raised.
    
        There is an optional argument "input", allowing you to
        pass bytes or a string to the subprocess's stdin.  If you use this argument
        you may not also use the Popen constructor's "stdin" argument, as
        it will be used internally.
    
        By default, all communication is in bytes, and therefore any "input" should
        be bytes, and the stdout and stderr will be bytes. If in text mode, any
        "input" should be a string, and stdout and stderr will be strings decoded
        according to locale encoding, or by "encoding" if set. Text mode is
        triggered by setting any of text, encoding, errors or universal_newlines.
    
        The other arguments are the same as for the Popen constructor.
        """
        if input is not None:
            if kwargs.get('stdin') is not None:
                raise ValueError('stdin and input arguments may not both be used.')
            kwargs['stdin'] = PIPE
    
        if capture_output:
            if kwargs.get('stdout') is not None or kwargs.get('stderr') is not None:
                raise ValueError('stdout and stderr arguments may not be used '
                                 'with capture_output.')
            kwargs['stdout'] = PIPE
            kwargs['stderr'] = PIPE
    
        with Popen(*popenargs, **kwargs) as process:
            try:
                stdout, stderr = process.communicate(input, timeout=timeout)
            except TimeoutExpired as exc:
                process.kill()
                if _mswindows:
                    # Windows accumulates the output in a single blocking
                    # read() call run on child threads, with the timeout
                    # being done in a join() on those threads.  communicate()
                    # _after_ kill() is required to collect that and add it
                    # to the exception.
                    exc.stdout, exc.stderr = process.communicate()
                else:
                    # POSIX _communicate already populated the output so
                    # far into the TimeoutExpired exception.
                    process.wait()
                raise
            except:  # Including KeyboardInterrupt, communicate handled that.
                process.kill()
                # We don't call process.wait() as .__exit__ does that for us.
                raise
            retcode = process.poll()
            if check and retcode:
>               raise CalledProcessError(retcode, process.args,
                                         output=stdout, stderr=stderr)
E               subprocess.CalledProcessError: Command 'copy "D:\Projects\image-scoring\template.fdb" "D:\Projects\image-scoring\TEST_stacks_1770010352.fdb"' returned non-zero exit status 1.

C:\Program Files\WindowsApps\PythonSoftwareFoundation.Python.3.11_3.11.2544.0_x64__qbz5n2kfra8p0\Lib\subprocess.py:571: CalledProcessError
---------------------------- Captured stdout call -----------------------------
        0 file(s) copied.

Warning: Failed to copy DB in stacks test: Command 'copy "D:\Projects\image-scoring\template.fdb" "D:\Projects\image-scoring\TEST_stacks_1770010352.fdb"' returned non-zero exit status 1.
---------------------------- Captured stderr call -----------------------------
The process cannot access the file because it is being used by another process.

_____________________ test_remove_recalculates_best_image _____________________

    def test_remove_recalculates_best_image():
        """Test that removing the best image recalculates best_image_id."""
        test = TestStackOperations()
>       test.setup_class()

tests\test_stacks.py:251: 
_ _ _ _ _ _ _ _ _ _ _ _ _ _ _ _ _ _ _ _ _ _ _ _ _ _ _ _ _ _ _ _ _ _ _ _ _ _ _ _
tests\test_stacks.py:56: in setup_class
    subprocess.run(cmd, shell=True, check=True)
_ _ _ _ _ _ _ _ _ _ _ _ _ _ _ _ _ _ _ _ _ _ _ _ _ _ _ _ _ _ _ _ _ _ _ _ _ _ _ _

input = None, capture_output = False, timeout = None, check = True
popenargs = ('copy "D:\\Projects\\image-scoring\\template.fdb" "D:\\Projects\\image-scoring\\TEST_stacks_1770010352.fdb"',)
kwargs = {'shell': True}
process = <Popen: returncode: 1 args: 'copy "D:\\Projects\\image-scoring\\template.fdb...>
stdout = None, stderr = None, retcode = 1

    def run(*popenargs,
            input=None, capture_output=False, timeout=None, check=False, **kwargs):
        """Run command with arguments and return a CompletedProcess instance.
    
        The returned instance will have attributes args, returncode, stdout and
        stderr. By default, stdout and stderr are not captured, and those attributes
        will be None. Pass stdout=PIPE and/or stderr=PIPE in order to capture them,
        or pass capture_output=True to capture both.
    
        If check is True and the exit code was non-zero, it raises a
        CalledProcessError. The CalledProcessError object will have the return code
        in the returncode attribute, and output & stderr attributes if those streams
        were captured.
    
        If timeout is given, and the process takes too long, a TimeoutExpired
        exception will be raised.
    
        There is an optional argument "input", allowing you to
        pass bytes or a string to the subprocess's stdin.  If you use this argument
        you may not also use the Popen constructor's "stdin" argument, as
        it will be used internally.
    
        By default, all communication is in bytes, and therefore any "input" should
        be bytes, and the stdout and stderr will be bytes. If in text mode, any
        "input" should be a string, and stdout and stderr will be strings decoded
        according to locale encoding, or by "encoding" if set. Text mode is
        triggered by setting any of text, encoding, errors or universal_newlines.
    
        The other arguments are the same as for the Popen constructor.
        """
        if input is not None:
            if kwargs.get('stdin') is not None:
                raise ValueError('stdin and input arguments may not both be used.')
            kwargs['stdin'] = PIPE
    
        if capture_output:
            if kwargs.get('stdout') is not None or kwargs.get('stderr') is not None:
                raise ValueError('stdout and stderr arguments may not be used '
                                 'with capture_output.')
            kwargs['stdout'] = PIPE
            kwargs['stderr'] = PIPE
    
        with Popen(*popenargs, **kwargs) as process:
            try:
                stdout, stderr = process.communicate(input, timeout=timeout)
            except TimeoutExpired as exc:
                process.kill()
                if _mswindows:
                    # Windows accumulates the output in a single blocking
                    # read() call run on child threads, with the timeout
                    # being done in a join() on those threads.  communicate()
                    # _after_ kill() is required to collect that and add it
                    # to the exception.
                    exc.stdout, exc.stderr = process.communicate()
                else:
                    # POSIX _communicate already populated the output so
                    # far into the TimeoutExpired exception.
                    process.wait()
                raise
            except:  # Including KeyboardInterrupt, communicate handled that.
                process.kill()
                # We don't call process.wait() as .__exit__ does that for us.
                raise
            retcode = process.poll()
            if check and retcode:
>               raise CalledProcessError(retcode, process.args,
                                         output=stdout, stderr=stderr)
E               subprocess.CalledProcessError: Command 'copy "D:\Projects\image-scoring\template.fdb" "D:\Projects\image-scoring\TEST_stacks_1770010352.fdb"' returned non-zero exit status 1.

C:\Program Files\WindowsApps\PythonSoftwareFoundation.Python.3.11_3.11.2544.0_x64__qbz5n2kfra8p0\Lib\subprocess.py:571: CalledProcessError
---------------------------- Captured stdout call -----------------------------
        0 file(s) copied.

Warning: Failed to copy DB in stacks test: Command 'copy "D:\Projects\image-scoring\template.fdb" "D:\Projects\image-scoring\TEST_stacks_1770010352.fdb"' returned non-zero exit status 1.
---------------------------- Captured stderr call -----------------------------
The process cannot access the file because it is being used by another process.

__________________________ test_path_lookup_fallback __________________________

    def test_path_lookup_fallback():
        """Test that path lookup falls back to basename when exact path fails."""
        test = TestStackOperations()
>       test.setup_class()

tests\test_stacks.py:299: 
_ _ _ _ _ _ _ _ _ _ _ _ _ _ _ _ _ _ _ _ _ _ _ _ _ _ _ _ _ _ _ _ _ _ _ _ _ _ _ _
tests\test_stacks.py:56: in setup_class
    subprocess.run(cmd, shell=True, check=True)
_ _ _ _ _ _ _ _ _ _ _ _ _ _ _ _ _ _ _ _ _ _ _ _ _ _ _ _ _ _ _ _ _ _ _ _ _ _ _ _

input = None, capture_output = False, timeout = None, check = True
popenargs = ('copy "D:\\Projects\\image-scoring\\template.fdb" "D:\\Projects\\image-scoring\\TEST_stacks_1770010352.fdb"',)
kwargs = {'shell': True}
process = <Popen: returncode: 1 args: 'copy "D:\\Projects\\image-scoring\\template.fdb...>
stdout = None, stderr = None, retcode = 1

    def run(*popenargs,
            input=None, capture_output=False, timeout=None, check=False, **kwargs):
        """Run command with arguments and return a CompletedProcess instance.
    
        The returned instance will have attributes args, returncode, stdout and
        stderr. By default, stdout and stderr are not captured, and those attributes
        will be None. Pass stdout=PIPE and/or stderr=PIPE in order to capture them,
        or pass capture_output=True to capture both.
    
        If check is True and the exit code was non-zero, it raises a
        CalledProcessError. The CalledProcessError object will have the return code
        in the returncode attribute, and output & stderr attributes if those streams
        were captured.
    
        If timeout is given, and the process takes too long, a TimeoutExpired
        exception will be raised.
    
        There is an optional argument "input", allowing you to
        pass bytes or a string to the subprocess's stdin.  If you use this argument
        you may not also use the Popen constructor's "stdin" argument, as
        it will be used internally.
    
        By default, all communication is in bytes, and therefore any "input" should
        be bytes, and the stdout and stderr will be bytes. If in text mode, any
        "input" should be a string, and stdout and stderr will be strings decoded
        according to locale encoding, or by "encoding" if set. Text mode is
        triggered by setting any of text, encoding, errors or universal_newlines.
    
        The other arguments are the same as for the Popen constructor.
        """
        if input is not None:
            if kwargs.get('stdin') is not None:
                raise ValueError('stdin and input arguments may not both be used.')
            kwargs['stdin'] = PIPE
    
        if capture_output:
            if kwargs.get('stdout') is not None or kwargs.get('stderr') is not None:
                raise ValueError('stdout and stderr arguments may not be used '
                                 'with capture_output.')
            kwargs['stdout'] = PIPE
            kwargs['stderr'] = PIPE
    
        with Popen(*popenargs, **kwargs) as process:
            try:
                stdout, stderr = process.communicate(input, timeout=timeout)
            except TimeoutExpired as exc:
                process.kill()
                if _mswindows:
                    # Windows accumulates the output in a single blocking
                    # read() call run on child threads, with the timeout
                    # being done in a join() on those threads.  communicate()
                    # _after_ kill() is required to collect that and add it
                    # to the exception.
                    exc.stdout, exc.stderr = process.communicate()
                else:
                    # POSIX _communicate already populated the output so
                    # far into the TimeoutExpired exception.
                    process.wait()
                raise
            except:  # Including KeyboardInterrupt, communicate handled that.
                process.kill()
                # We don't call process.wait() as .__exit__ does that for us.
                raise
            retcode = process.poll()
            if check and retcode:
>               raise CalledProcessError(retcode, process.args,
                                         output=stdout, stderr=stderr)
E               subprocess.CalledProcessError: Command 'copy "D:\Projects\image-scoring\template.fdb" "D:\Projects\image-scoring\TEST_stacks_1770010352.fdb"' returned non-zero exit status 1.

C:\Program Files\WindowsApps\PythonSoftwareFoundation.Python.3.11_3.11.2544.0_x64__qbz5n2kfra8p0\Lib\subprocess.py:571: CalledProcessError
---------------------------- Captured stdout call -----------------------------
        0 file(s) copied.

Warning: Failed to copy DB in stacks test: Command 'copy "D:\Projects\image-scoring\template.fdb" "D:\Projects\image-scoring\TEST_stacks_1770010352.fdb"' returned non-zero exit status 1.
---------------------------- Captured stderr call -----------------------------
The process cannot access the file because it is being used by another process.

============================== warnings summary ===============================
tests/test_captioning.py::TestCaptioning::test_model_loading
  <frozen importlib._bootstrap>:241: DeprecationWarning: builtin type SwigPyPacked has no __module__ attribute

tests/test_captioning.py::TestCaptioning::test_model_loading
  <frozen importlib._bootstrap>:241: DeprecationWarning: builtin type SwigPyObject has no __module__ attribute

tests/test_keyword_extractor.py::test_dependencies
  D:\Projects\image-scoring\.venv\Lib\site-packages\_pytest\python.py:170: PytestReturnNotNoneWarning: Test functions should return None, but tests/test_keyword_extractor.py::test_dependencies returned <class 'bool'>.
  Did you mean to use `assert` instead of `return`?
  See https://docs.pytest.org/en/stable/how-to/assert.html#return-not-none for more information.
    warnings.warn(

tests/test_keyword_extractor.py::test_keyword_extractor_main
  D:\Projects\image-scoring\.venv\Lib\site-packages\_pytest\python.py:170: PytestReturnNotNoneWarning: Test functions should return None, but tests/test_keyword_extractor.py::test_keyword_extractor_main returned <class 'bool'>.
  Did you mean to use `assert` instead of `return`?
  See https://docs.pytest.org/en/stable/how-to/assert.html#return-not-none for more information.
    warnings.warn(

tests/test_tagging.py::test_loading
  D:\Projects\image-scoring\.venv\Lib\site-packages\huggingface_hub\file_download.py:942: FutureWarning: `resume_download` is deprecated and will be removed in version 1.0.0. Downloads always resume when possible. If you want to force a new download, use `force_download=True`.
    warnings.warn(

-- Docs: https://docs.pytest.org/en/stable/how-to/capture-warnings.html
=========================== short test summary info ===========================
FAILED tests/test_gpu.py::test_gpu_functional - NameError: name 'test_gpu' is...
FAILED tests/test_gpu.py::test_musiq_gpu_functional - NameError: name 'test_m...
FAILED tests/test_keyword_extractor.py::test_keyword_extractor - SystemExit: 1
FAILED tests/test_stacks.py::test_create_stack_from_images_minimum - Attribut...
FAILED tests/test_stacks.py::test_create_stack_sets_best_image - subprocess.C...
FAILED tests/test_stacks.py::test_remove_cleans_up_empty_stack - subprocess.C...
FAILED tests/test_stacks.py::test_remove_recalculates_best_image - subprocess...
FAILED tests/test_stacks.py::test_path_lookup_fallback - subprocess.CalledPro...
============ 8 failed, 26 passed, 12 skipped, 5 warnings in 44.93s ============
sys:1: DeprecationWarning: builtin type swigvarlink has no __module__ attribute
